SF:lib/infra/datasources/go/user_data_source.g.dart
DA:12,0
DA:16,0
DA:23,0
DA:30,0
DA:31,0
DA:32,0
DA:33,0
DA:37,0
DA:41,0
DA:45,0
DA:51,0
DA:52,0
DA:57,0
DA:58,0
DA:62,0
DA:63,0
DA:64,0
DA:65,0
DA:66,0
DA:67,0
DA:69,0
LF:21
LH:0
end_of_record
SF:lib/injector.dart
DA:24,4
DA:25,1
DA:26,2
DA:27,2
DA:32,0
DA:33,0
DA:36,0
DA:37,0
DA:41,0
DA:42,0
DA:47,0
DA:48,0
DA:51,3
DA:52,0
DA:58,3
DA:59,0
DA:60,0
DA:63,4
DA:64,1
DA:65,2
DA:68,3
DA:69,0
LF:22
LH:10
end_of_record
SF:lib/core/usecases/usecase.dart
DA:8,0
DA:9,0
LF:2
LH:0
end_of_record
SF:lib/domain/entities/models/member/member.dart
DA:16,0
LF:1
LH:0
end_of_record
SF:lib/domain/entities/models/member/member.g.dart
DA:9,0
DA:10,0
DA:11,0
DA:12,0
DA:13,0
DA:16,0
DA:17,0
DA:18,0
DA:19,0
DA:20,0
LF:10
LH:0
end_of_record
SF:lib/domain/entities/models/room/room.dart
DA:36,0
LF:1
LH:0
end_of_record
SF:lib/domain/entities/models/room/room.g.dart
DA:9,0
DA:10,0
DA:11,0
DA:12,0
DA:13,0
DA:14,0
DA:15,0
DA:16,0
DA:17,0
DA:18,0
DA:19,0
DA:20,0
DA:23,0
DA:24,0
DA:25,0
DA:26,0
DA:27,0
DA:28,0
DA:29,0
DA:30,0
LF:20
LH:0
end_of_record
SF:lib/domain/entities/models/tag/tag.dart
DA:26,0
LF:1
LH:0
end_of_record
SF:lib/domain/entities/models/tag/tag.g.dart
DA:9,0
DA:10,0
DA:11,0
DA:12,0
DA:15,0
DA:16,0
DA:17,0
DA:18,0
LF:8
LH:0
end_of_record
SF:lib/domain/interactors/auth/get_credentials.dart
DA:8,0
DA:10,0
DA:12,0
DA:13,0
LF:4
LH:0
end_of_record
SF:lib/domain/usecases/auth/get_credentials.dart
DA:9,0
LF:1
LH:0
end_of_record
SF:lib/domain/interactors/auth/login.dart
DA:9,0
DA:11,0
DA:15,0
DA:27,0
LF:4
LH:0
end_of_record
SF:lib/domain/usecases/auth/login.dart
DA:8,0
LF:1
LH:0
end_of_record
SF:lib/domain/interactors/profile/create.dart
DA:11,1
DA:16,0
DA:29,0
DA:30,0
DA:31,0
DA:32,0
DA:33,0
DA:34,0
DA:35,0
DA:36,0
DA:37,0
DA:38,0
DA:39,0
DA:40,0
DA:41,0
DA:42,0
DA:43,0
DA:44,0
DA:45,0
DA:47,0
DA:50,0
DA:52,0
DA:53,0
LF:23
LH:1
end_of_record
SF:lib/domain/entities/models/address/address.dart
DA:14,0
DA:15,0
LF:2
LH:0
end_of_record
SF:lib/domain/entities/models/address/address.g.dart
DA:9,0
DA:10,0
DA:11,0
DA:12,0
DA:15,0
DA:16,0
DA:17,0
DA:18,0
DA:19,0
LF:9
LH:0
end_of_record
SF:lib/domain/usecases/profile/create.dart
DA:31,0
DA:55,0
LF:2
LH:0
end_of_record
SF:lib/domain/interactors/room/fetch_list.dart
DA:8,0
DA:18,0
DA:22,0
DA:24,0
DA:25,0
DA:27,0
LF:6
LH:0
end_of_record
SF:lib/domain/usecases/room/fetch_list.dart
DA:13,0
LF:1
LH:0
end_of_record
SF:lib/infra/datasources/firebase/auth.dart
DA:14,0
DA:19,0
DA:20,0
DA:23,0
DA:24,0
DA:26,0
DA:31,0
DA:32,0
DA:35,0
DA:36,0
DA:37,0
DA:40,0
DA:49,0
DA:52,0
LF:14
LH:0
end_of_record
SF:lib/infra/models/create_user_model.dart
DA:12,0
DA:13,0
LF:2
LH:0
end_of_record
SF:lib/infra/models/create_user_model.g.dart
DA:9,0
DA:10,0
DA:11,0
DA:14,0
DA:15,0
DA:16,0
LF:6
LH:0
end_of_record
SF:lib/infra/repositories/auth.dart
DA:5,0
DA:9,0
DA:12,0
DA:13,0
DA:20,0
DA:23,0
DA:26,0
DA:28,0
DA:31,0
LF:9
LH:0
end_of_record
SF:lib/infra/repositories/profile_repository.dart
DA:6,0
DA:9,0
DA:12,0
DA:15,0
LF:4
LH:0
end_of_record
SF:lib/infra/repositories/user_repository.dart
DA:11,1
DA:12,0
DA:19,0
DA:20,0
DA:21,0
LF:5
LH:1
end_of_record
